SF:lib\app\data\models\inventory_item_model.dart
DA:7,0
DA:9,0
DA:10,0
DA:11,0
DA:12,0
DA:13,0
DA:23,0
DA:25,0
DA:26,0
DA:27,0
DA:28,0
DA:29,0
DA:40,0
DA:47,0
DA:48,0
DA:49,0
DA:51,0
DA:52,0
DA:53,0
DA:64,0
DA:71,0
DA:72,0
DA:73,0
DA:74,0
DA:75,0
DA:76,0
DA:84,0
DA:91,0
DA:92,0
DA:93,0
DA:94,0
DA:95,0
DA:96,0
DA:98,0
DA:99,0
DA:108,0
DA:110,0
DA:111,0
DA:112,0
DA:113,0
DA:115,0
DA:116,0
DA:117,0
DA:120,0
DA:122,0
DA:123,0
DA:156,2
DA:182,0
DA:207,0
DA:208,0
DA:209,0
DA:210,0
DA:211,0
DA:212,0
DA:213,0
DA:214,0
DA:215,0
DA:216,0
DA:217,0
DA:218,0
DA:219,0
DA:220,0
DA:221,0
DA:222,0
DA:223,0
DA:224,0
DA:225,0
DA:226,0
DA:227,0
DA:228,0
DA:229,0
DA:230,0
DA:234,0
DA:238,0
DA:240,0
DA:241,0
DA:242,0
DA:246,0
DA:247,0
DA:248,0
DA:249,0
DA:250,0
DA:251,0
DA:252,0
DA:253,0
DA:254,0
DA:255,0
DA:256,0
DA:260,0
DA:261,0
DA:263,0
DA:264,0
DA:265,0
DA:266,0
DA:268,0
DA:269,0
DA:271,0
DA:272,0
DA:274,0
DA:275,0
DA:276,0
DA:277,0
DA:279,0
DA:281,0
DA:282,0
DA:283,0
DA:284,0
DA:285,0
DA:286,0
DA:289,0
DA:290,0
DA:291,0
DA:294,0
DA:295,0
DA:296,0
DA:300,0
DA:301,0
DA:302,0
DA:304,0
DA:305,0
DA:312,0
DA:313,0
DA:314,0
DA:315,0
DA:316,0
DA:317,0
DA:318,0
DA:319,0
DA:320,0
DA:321,0
DA:322,0
DA:323,0
DA:324,0
DA:325,0
DA:326,0
DA:327,0
DA:328,0
DA:329,0
DA:330,0
DA:331,0
DA:332,0
DA:336,0
DA:337,0
DA:338,0
DA:339,0
DA:340,0
DA:341,0
DA:342,0
DA:343,0
DA:344,0
DA:345,0
DA:346,0
DA:347,0
DA:348,0
DA:349,0
DA:350,0
DA:351,0
DA:352,0
DA:353,0
DA:354,0
DA:355,0
DA:356,0
DA:360,0
DA:361,0
DA:362,0
DA:363,0
DA:364,0
DA:365,0
DA:366,0
DA:367,0
DA:368,0
DA:369,0
DA:370,0
DA:371,0
DA:372,0
DA:376,0
DA:377,0
DA:378,0
DA:379,0
DA:380,0
DA:381,0
DA:382,0
DA:383,0
DA:384,0
DA:386,0
DA:387,0
DA:388,0
DA:389,0
DA:390,0
DA:396,0
DA:397,0
DA:408,0
DA:416,0
DA:417,0
DA:419,0
DA:420,0
DA:422,0
DA:425,0
DA:426,0
DA:427,0
DA:428,0
DA:429,0
DA:430,0
DA:432,0
DA:433,0
DA:435,0
DA:436,0
DA:437,0
DA:438,0
DA:440,0
DA:441,0
LF:211
LH:1
end_of_record
SF:lib\app\data\models\cart_item_model.dart
DA:9,2
DA:10,2
DA:13,12
DA:16,1
DA:17,3
DA:21,1
DA:22,3
DA:23,3
LF:8
LH:8
end_of_record
SF:lib\app\data\models\promotion_model.dart
DA:19,2
DA:36,0
DA:37,0
DA:40,0
DA:41,0
DA:43,0
DA:46,0
DA:47,0
DA:48,0
DA:49,0
DA:50,0
DA:51,0
DA:52,0
DA:53,0
DA:54,0
DA:55,0
DA:57,0
DA:58,0
DA:59,0
DA:60,0
DA:61,0
DA:62,0
DA:64,0
DA:65,0
DA:66,0
DA:67,0
DA:69,0
DA:70,0
DA:71,0
DA:72,0
DA:74,0
DA:75,0
DA:76,0
DA:77,0
DA:78,0
DA:79,0
DA:80,0
DA:81,0
DA:82,0
DA:83,0
DA:84,0
DA:95,0
DA:102,0
DA:103,0
DA:105,0
DA:106,0
DA:108,0
DA:110,0
DA:111,0
DA:112,0
LF:50
LH:1
end_of_record
SF:lib\app\data\models\sale_model.dart
DA:5,0
DA:7,0
DA:8,0
DA:9,0
DA:22,0
DA:32,0
DA:33,0
DA:34,0
DA:35,0
DA:36,0
DA:37,0
DA:38,0
DA:39,0
DA:40,0
DA:60,2
DA:61,10
DA:63,2
DA:77,1
DA:78,1
DA:79,1
DA:80,1
DA:81,1
DA:82,1
DA:83,1
DA:84,1
DA:85,1
DA:86,1
DA:87,2
DA:88,2
DA:89,2
DA:90,1
DA:91,1
DA:114,0
DA:116,1
DA:134,1
DA:135,1
DA:137,3
DA:138,1
DA:140,2
DA:141,2
DA:143,1
DA:144,1
DA:146,1
DA:148,1
DA:149,1
DA:150,1
DA:151,1
DA:152,2
DA:155,1
DA:157,1
DA:158,1
DA:159,1
DA:160,1
DA:161,2
DA:162,2
DA:175,0
DA:183,0
DA:184,0
DA:185,0
DA:187,0
DA:188,0
DA:190,0
DA:191,0
DA:193,0
DA:194,0
DA:195,0
DA:196,0
LF:67
LH:40
end_of_record
